<?xml version="1.0" encoding="UTF-8"?>
<!-- Generated by org.testng.reporters.JUnitReportReporter -->
<testsuite hostname="CPDK196" failures="0" tests="1" name="RESTPOSTEX" time="4.005" errors="0" timestamp="2024-03-11T18:49:28 IST" skipped="0">
  <testcase classname="RESTPOSTEX" name="restpost" time="4.005"/>
</testsuite> <!-- RESTPOSTEX -->
