<?xml version="1.0" encoding="UTF-8"?>
<!-- Generated by org.testng.reporters.JUnitReportReporter -->
<testsuite hostname="CPDK196" failures="0" tests="2" name="RestPutDElEx" time="4.603" errors="0" timestamp="2024-03-11T19:29:51 IST" skipped="0">
  <testcase classname="RestPutDElEx" name="del1" time="4.129"/>
  <testcase classname="RestPutDElEx" name="putt" time="0.474"/>
</testsuite> <!-- RestPutDElEx -->
