<?xml version="1.0" encoding="UTF-8"?>
<!-- Generated by org.testng.reporters.JUnitReportReporter -->
<testsuite hostname="CPDK196" failures="0" tests="1" name="ValidateAPI" time="3.147" errors="0" timestamp="2024-03-12T12:10:01 IST" skipped="0">
  <testcase classname="ValidateAPI" name="validateapi5" time="3.147"/>
</testsuite> <!-- ValidateAPI -->
