<?xml version="1.0" encoding="UTF-8"?>
<!-- Generated by org.testng.reporters.JUnitReportReporter -->
<testsuite hostname="CPDK196" failures="0" tests="4" name="Logintc.LoginExcelJXL" time="62.265" errors="0" timestamp="2024-02-16T18:19:38 IST" skipped="0">
  <testcase classname="Logintc.LoginExcelJXL" name="BothWRG" time="13.189"/>
  <testcase classname="Logintc.LoginExcelJXL" name="BothWRG" time="13.962"/>
  <testcase classname="Logintc.LoginExcelJXL" name="BothWRG" time="19.350"/>
  <testcase classname="Logintc.LoginExcelJXL" name="BothWRG" time="15.764"/>
</testsuite> <!-- Logintc.LoginExcelJXL -->
