<?xml version="1.0" encoding="UTF-8"?>
<!-- Generated by org.testng.reporters.JUnitReportReporter -->
<testsuite hostname="CPDK196" failures="0" tests="2" name="Logintc.NewTest" time="0.017" errors="0" timestamp="2024-02-23T12:14:09 IST" skipped="0">
  <testcase classname="Logintc.NewTest" name="test2" time="0.005"/>
  <testcase classname="Logintc.NewTest" name="test1" time="0.012"/>
</testsuite> <!-- Logintc.NewTest -->
