<?xml version="1.0" encoding="UTF-8"?>
<!-- Generated by org.testng.reporters.JUnitReportReporter -->
<testsuite hostname="CPDK196" failures="0" tests="1" name="Logintc.HRMM" time="46.147" errors="0" timestamp="2024-02-26T16:23:35 IST" skipped="0">
  <testcase classname="Logintc.HRMM" name="OpenHRM" time="46.147"/>
</testsuite> <!-- Logintc.HRMM -->
